        -:    0:Source:inc/client.h
        -:    1:#pragma once
        -:    2:
        -:    3:#include <iostream>
        -:    4:#include <fstream>
        -:    5:#include <sys/types.h>
        -:    6:#include <sys/socket.h>
        -:    7:#include <netinet/in.h>
        -:    8:#include <arpa/inet.h>
        -:    9:#include <unistd.h>
        -:   10:#include <sys/wait.h>
        -:   11:#include <signal.h>
        -:   12:#include <cstring>
        -:   13:#include <stdlib.h>
        -:   14:#include <sys/stat.h>
        -:   15:#include <fcntl.h>
        -:   16:
        -:   17:#include <user.h>
        -:   18:#include <utils.h>
        -:   19:
        -:   20:#define IOSB_DOWNLOAD "data/downloads/IOSB.txt"
        -:   21:#define CB_DOWNLOAD "data/downloads/CB.txt"
        -:   22:
        -:   23:using namespace std;
        -:   24:#define MAX_BUFF 4096
        -:   25:typedef struct sockaddr_in SA_IN;
        -:   26:
        -:   27:class Client
        -:   28:{
        -:   29:public:
        -:   30:    Client();
        -:   31:
        1:   32:    void setIPAddr(const char *ipAddr)
        -:   33:    {
        1:   34:        this->ipAddr = ipAddr;
        1:   35:    }
        1:   36:    void setPort(int port)
        -:   37:    {
        1:   38:        this->port = port;
        1:   39:    }
        -:   40:
        -:   41:    void createSocket();
        -:   42:    void clientConnect();
        1:   43:    int getClientSockfd() { return sockfd; }
        -:   44:
        -:   45:    int writeToFile(int, char *);
        -:   46:    ~Client();
        -:   47:
        -:   48:private:
        -:   49:    int sockfd;
        -:   50:    int port;
        -:   51:    const char* ipAddr;
        -:   52:    struct sockaddr_in serverAddr;
        -:   53:    socklen_t len;
        -:   54:};
        -:   55:
        -:   56:void clientErrExit();
        -:   57:void showMenu(int);
        -:   58:int getUserChoice();
        -:   59:void pressEnter();
        -:   60:bool validateInput(string, int);
