        -:    0:Source:inc/client.h
        -:    1:#pragma once
        -:    2:
        -:    3:#include <stdio.h>
        -:    4:#include <iostream>
        -:    5:#include <iostream>
        -:    6:#include <fstream>
        -:    7:#include <sys/types.h>
        -:    8:#include <sys/socket.h>
        -:    9:#include <netinet/in.h>
        -:   10:#include <arpa/inet.h>
        -:   11:#include <unistd.h>
        -:   12:#include <sys/wait.h>
        -:   13:#include <signal.h>
        -:   14:#include <cstring>
        -:   15:#include <string> // std::string
        -:   16:#include <stdlib.h>
        -:   17:
        -:   18:#include <user.h>
        -:   19:#include <utils.h>
        -:   20:
        -:   21:#define IOSB_DOWNLOAD "data/downloads/IOSB.txt"
        -:   22:#define CB_DOWNLOAD "data/downloads/CB.txt"
        -:   23:
        -:   24:using namespace std;
        -:   25:#define MAX_BUFF 4096
        -:   26:typedef struct sockaddr_in SA_IN;
        -:   27:
        -:   28:class Client
        -:   29:{
        -:   30:private:
        -:   31:    int sockfd;
        -:   32:    int port;
        -:   33:    char ipAddr[20];
        -:   34:    struct sockaddr_in serverAddr;
        -:   35:    socklen_t len;
        -:   36:
        -:   37:public:
        -:   38:    Client();
        -:   39:    Client(int, char *);
        -:   40:    void createSocket();
        -:   41:    void clientConnect();
        1:   42:    int getClientSockfd() { return sockfd; }
        -:   43:
        -:   44:    int writeToFile(int, char *);
        -:   45:    ~Client();
        -:   46:};
        -:   47:
        -:   48:void clientErrExit();
        -:   49:void showMenu(int menuType);
        -:   50:int getUserChoice();
        -:   51:void pressEnter();
        -:   52:bool validateInput(string, int);
