        -:    0:Source:src/user.cpp
        -:    1:#include <user.h>
        -:    2:
        -:    3:// /*This function is used to get the user ID and Password
        -:    4://  from the client for registration and login*/
        -:    5:// void User::setDetails()
        -:    6:// {
        -:    7://     cout << "Enter User name: ";
        -:    8://     cin >> username;
        -:    9:
        -:   10://     // asutosh 2203 
        -:   11:
        -:   12://     char *storedPass = getpass("Enter Password: ");
        -:   13://     setPassword(storedPass);
        -:   14:// }
        -:   15:
        2:   16:bool User::validateUsername(string user)
        -:   17:{
        2:   18:    int special = 0, l = user.length();
        -:   19:    // check length is 0 or more than 30
        2:   20:    if (l < 6 || l > 20)
    #####:   21:        return 0;
        -:   22:
       24:   23:    for (int i = 0; i < l; i++)
        -:   24:    {
       22:   25:        char s = user.at(i);
        -:   26:
        -:   27:        // no spaces allowed
       22:   28:        if (s == ' ')
    #####:   29:            return 0;
        -:   30:
        -:   31:        // characters other than alphabets and numbers
       22:   32:        if (isalnum(s))
       22:   33:            continue;
        -:   34:        else
        -:   35:        {
        -:   36:            // periods and underscore allowed but only one
    #####:   37:            if (s == '_' || s == '.')
        -:   38:            {
    #####:   39:                special++;
    #####:   40:                if (special > 1)
    #####:   41:                    return 0;
        -:   42:            }
        -:   43:            else
    #####:   44:                return 0;
        -:   45:        }
        -:   46:    }
        2:   47:    return 1;
        -:   48:}
        -:   49:
        2:   50:bool User::validatePassword(char *pass)
        -:   51:{
        2:   52:    bool isValid = 0;
        -:   53:
        -:   54:    // check storedPass
        2:   55:    if (strlen(pass) >= 6 && strlen(pass) <= 20)
        -:   56:        // set isValid
        2:   57:        isValid = 1;
        -:   58:
        2:   59:    return isValid;
        -:   60:}
        -:   61:
        2:   62:void User::setDetails()
        -:   63:{
        2:   64:    string user;
        2:   65:    cout << "Enter User name: ";
        2:   66:    cin.ignore();
        2:   67:    getline(cin, user);
        -:   68:
        2:   69:    while (!validateUsername(user))
        -:   70:    {
    #####:   71:        cout << "INVALID USERNAME!" << endl
    #####:   72:             << "Username must contains only {A-Z, a-z, 0-9, '.', '_'} and length must range from [6-20]." << endl;
    #####:   73:        cout << "Enter User name: ";
        -:   74:
    #####:   75:        getline(cin, user);
        -:   76:    }
        -:   77:
        2:   78:    strcpy(username, user.c_str());
        -:   79:
        2:   80:    char *storedPass = getpass("Enter Password: ");
        -:   81:
        2:   82:    while (!validatePassword(storedPass))
        -:   83:    {
    #####:   84:        cout << "INVALID PASSWORD!" << endl
    #####:   85:             << "Password length must range from [6-20]." << endl;
    #####:   86:        storedPass = getpass("Enter Password: ");
        -:   87:    }
        -:   88:
        2:   89:    setPassword(storedPass);
        2:   90:}
        -:   91:
        -:   92:// This function is used to store the registered users data into a file
    #####:   93:void User::toDatabase(User &newUser)
        -:   94:{
    #####:   95:    fstream userDB;
        -:   96:
        -:   97:    // file.write((const char*)this, sizeof(this));
        -:   98:
    #####:   99:    userDB.open("data/registered.dat", ios::out | ios::app);
    #####:  100:    if (userDB)
        -:  101:    {
    #####:  102:        userDB.write(reinterpret_cast<char *>(&newUser), sizeof(newUser));
        -:  103:    }
        -:  104:
        -:  105:    else
        -:  106:    {
    #####:  107:        perror("file()");
        -:  108:        // log("File cannot be opened");
        -:  109:    }
        -:  110:
    #####:  111:    userDB.close();
    #####:  112:}
        -:  113:
    #####:  114:string User::toString()
        -:  115:{
    #####:  116:    ostringstream ss;
    #####:  117:    ss.clear();
    #####:  118:    ss << this->getUsername() << "|" << this->getPassword();
    #####:  119:    return ss.str();
    #####:  120:}
