        -:    0:Source:inc/user.h
        -:    1:#pragma once
        -:    2:#include <iostream>
        -:    3:#include <cstring>
        -:    4:#include <sstream>
        -:    5:#include <stdlib.h>
        -:    6:#include <bits/stdc++.h>
        -:    7:#include <ctype.h>
        -:    8:
        -:    9:#define USER_DB "data/registered.dat"
        -:   10:
        -:   11:using namespace std;
        -:   12:
        -:   13:class User
        -:   14:{
        -:   15:public:
        -:   16:    void setDetails();
        -:   17:    // void registerDetails();
        -:   18:    bool validateUsername(string);
        -:   19:    bool validatePassword(char *);
        -:   20:    void toDatabase(User &);
    #####:   21:    void setUsername(const char *s) { strcpy(username, s); }
    #####:   22:    void setPassword(const char *s) { strcpy(password, s); }
       22:   23:    char *getUsername() { return username; }
        2:   24:    char *getPassword() { return password; }
        -:   25:    void getDetails() { cout << "Username:" << username << '\n'
        -:   26:                             << "Password: " << password << endl; }
        -:   27:    void log(string);
        -:   28:
        -:   29:private:
        -:   30:    char username[20] = {'\0'};
        -:   31:    char password[20] = {'\0'};
        -:   32:};
