        -:    0:Source:src/utils.cpp
        -:    1:#include <utils.h>
        -:    2:#include <sys/stat.h>
        -:    3:#include <fcntl.h>
        -:    4:
        -:    5:/*
        -:    6: *  FUNCTION NAME	: processAndCreateFile
        -:    7: *
        -:    8: *  DESCRIPTION		: It logs a message and it's type along with the time stamp in given filename.
        -:    9: *
        -:   10: *  PARAMETERS		: const char* type, const char* msg, const char* filename
        -:   11: *
        -:   12: *  RETURN 		: void
        -:   13: *
        -:   14: */
        7:   15:void Utils::log(const char *type, const char *msg, const char *filename)
        -:   16:{
        7:   17:    mkdir("logs", 0777);
        -:   18:
        7:   19:    fstream logfile;
        7:   20:    logfile.open(filename, ios::app);
        -:   21:
        7:   22:    time_t ltime = time(NULL);
        -:   23:
        -:   24:    struct tm res;
        -:   25:    char TIMESTAMP[32];
        -:   26:
        7:   27:    localtime_r(&ltime, &res);
        7:   28:    asctime_r(&res, TIMESTAMP);
        -:   29:
        -:   30:    // Writing log in file with formatting
        7:   31:    logfile << endl
        7:   32:            << "~" << TIMESTAMP << " \t " << type << ": " << msg << endl;
        -:   33:
        7:   34:    logfile.close();
        7:   35:}
        -:   36:
        -:   37:// converts a given string into lowercase
        -:   38:// Returns a string
       10:   39:string Utils::toLowerCase(string str)
        -:   40:{
       10:   41:    for_each(str.begin(), str.end(), [](char &c)
       41:   42:             { c = tolower(c); });
        -:   43:
       10:   44:    return str;
        -:   45:}
        -:   46:
        4:   47:bool Utils::isNumber(string str)
        -:   48:{
        4:   49:    int len = str.length();
       10:   50:    for (int i = 0; i < len; i++)
        -:   51:    {
        6:   52:        char c = str.at(i);
        -:   53:
        6:   54:        if (c < 48 || c > 57)
        -:   55:        {
    #####:   56:            return false;
        -:   57:        }
        -:   58:    }
        -:   59:
        4:   60:    return true;
        -:   61:}
        -:   62:
        -:   63:/*
        -:   64: *  FUNCTION NAME	: split
        -:   65: *
        -:   66: *  DESCRIPTION		: It splits a given string on the basis of delimiter
        -:   67: *
        -:   68: *  PARAMETERS		: const string &str, char delim
        -:   69: *
        -:   70: *  RETURN 		: vector<string>
        -:   71: *
        -:   72: */
        1:   73:vector<string> Utils::split(const string &str, char delim)
        -:   74:{
        1:   75:    auto i = 0;
        1:   76:    vector<string> tokens;
        -:   77:
        1:   78:    auto pos = str.find(delim);
        -:   79:
        4:   80:    while (pos < str.length())
        -:   81:    {
        3:   82:        tokens.push_back(str.substr(i, pos - i));
        3:   83:        i = ++pos;
        3:   84:        pos = str.find(delim, pos);
        -:   85:    }
        -:   86:
        1:   87:    tokens.push_back(str.substr(i, str.length()));
        -:   88:
        1:   89:    return tokens;
    =====:   90:}
        -:   91:
        -:   92:/*
        -:   93: *  FUNCTION NAME	: validateIP
        -:   94: *
        -:   95: *  DESCRIPTION		: It validates the IP according to required conditions
        -:   96: *
        -:   97: *  PARAMETERS		: string ip
        -:   98: *
        -:   99: *  RETURN 		: bool
        -:  100: *
        -:  101: */
        1:  102:bool Utils::validateIP(string ip)
        -:  103:{
        -:  104:    // split the string into tokens
        1:  105:    vector<string> ipTokens = split(ip, '.');
        -:  106:
        -:  107:    // if the token size is not equal to four
        1:  108:    if (ipTokens.size() != 4)
        -:  109:    {
    #####:  110:        return false;
        -:  111:    }
        -:  112:
        -:  113:    // validate each token
        5:  114:    for (string ipToken : ipTokens)
        -:  115:    {
        -:  116:        // verify that the string is a number or not, and the numbers
        -:  117:        // are in the valid range
        -:  118:
       4*:  119:        if (!isNumber(ipToken) || stoi(ipToken) > 255 || stoi(ipToken) < 0)
        -:  120:        {
    #####:  121:            return false;
        -:  122:        }
        4:  123:    }
        -:  124:
        1:  125:    return true;
        1:  126:}
